12/11/2018 01:04:18 PM - WARNING - ACCESSO_PAGINA_WEB
	PAGINA_WEB: http://www.gva.es/es/inicio/ciudadanos/ciu_busco_trabajo"
	IDENTIFICADOR: "24"
	INFORMACION: "No ha habido éxito en la petición"
12/11/2018 01:04:18 PM - WARNING - ACCESSO_PAGINA_WEB
	PAGINA_WEB: http://www.gva.es/es/inicio/ciudadanos/ciu_quiero_acceder_a_una_vivienda"
	IDENTIFICADOR: "25"
	INFORMACION: "No ha habido éxito en la petición"
12/11/2018 01:04:18 PM - WARNING - ACCESSO_PAGINA_WEB
	PAGINA_WEB: http://www.gva.es/es/inicio/ciudadanos/ciu_quiero_estudiar_y_formarme"
	IDENTIFICADOR: "26"
	INFORMACION: "No ha habido éxito en la petición"
12/11/2018 01:05:27 PM - WARNING - ACCESSO_PAGINA_WEB
	PAGINA_WEB: http://www.gva.es/es/inicio/ciudadanos/ciu_necesito_informacion_tributaria"
	IDENTIFICADOR: "28"
	INFORMACION: "No ha habido éxito en la petición"
12/11/2018 01:05:27 PM - WARNING - ACCESSO_PAGINA_WEB
	PAGINA_WEB: http://www.gva.es/es/inicio/administraciones/adm_tramites_y_servicios"
	IDENTIFICADOR: "29"
	INFORMACION: "No ha habido éxito en la petición"