12/12/2018 01:00:03 PM - WARNING - ACCESSO_PAGINA_WEB
	IDENTIFICADOR: 31
	PAGINA_WEB: http://www.alicante.es/es
	INFORMACION: "La pagina se ha redirigido permanentemente [301]"
12/12/2018 01:00:03 PM - WARNING - ACCESSO_PAGINA_WEB
	IDENTIFICADOR: 32
	PAGINA_WEB: http://www.alicante.es/es/contenidos/servicios-emergencia
	INFORMACION: "La pagina se ha redirigido permanentemente [301]"
12/12/2018 01:00:03 PM - WARNING - ACCESSO_PAGINA_WEB
	IDENTIFICADOR: 33
	PAGINA_WEB: http://www.alicante.es/es/area-tematica/servicio-de-atencion-integral-a-la-ciudadania---saic
	INFORMACION: "La pagina se ha redirigido permanentemente [301]"
12/12/2018 01:00:03 PM - WARNING - ACCESSO_PAGINA_WEB
	IDENTIFICADOR: 34
	PAGINA_WEB: http://www.alicante.es/es/contenidos/ciudad-alicante
	INFORMACION: "La pagina se ha redirigido permanentemente [301]"
12/12/2018 01:00:03 PM - WARNING - ACCESSO_PAGINA_WEB
	IDENTIFICADOR: 35
	PAGINA_WEB: http://www.alicante.es/es/galerias_imagen
	INFORMACION: "La pagina se ha redirigido permanentemente [301]"
12/12/2018 01:00:03 PM - WARNING - ACCESSO_PAGINA_WEB
	IDENTIFICADOR: 36
	PAGINA_WEB: http://www.alicante.es/es/area-tematica/turismo
	INFORMACION: "La pagina se ha redirigido permanentemente [301]"
12/12/2018 01:00:03 PM - WARNING - ACCESSO_PAGINA_WEB
	IDENTIFICADOR: 37
	PAGINA_WEB: http://www.alicante.es/es/noticias/actualizacion-del-espacio-participacion-ciudadana
	INFORMACION: "La pagina se ha redirigido permanentemente [301]"
12/12/2018 01:00:03 PM - WARNING - ACCESSO_PAGINA_WEB
	IDENTIFICADOR: 38
	PAGINA_WEB: http://www.alicante.es/es/contenidos/transporte-alicante-metropolitano-tam
	INFORMACION: "La pagina se ha redirigido permanentemente [301]"
12/12/2018 01:00:03 PM - WARNING - ACCESSO_PAGINA_WEB
	IDENTIFICADOR: 39
	PAGINA_WEB: http://www.alicante.es/es/area-tematica/seguridad-ciudadana
	INFORMACION: "La pagina se ha redirigido permanentemente [301]"
12/12/2018 01:00:03 PM - WARNING - ACCESSO_PAGINA_WEB
	IDENTIFICADOR: 40
	PAGINA_WEB: http://www.alicante.es/es/area-tematica/comercio-consumo-sanidad
	INFORMACION: "La pagina se ha redirigido permanentemente [301]"
