12/21/2018 01:11:28 PM - ERROR - EVALUACION_HERRAMIENTA
	HERRAMIENTA: "observatorio"
	PAGINA WEB: 56
	INFORMACION: "ReadTimeout(ReadTimeoutError("HTTPConnectionPool(host='observatorioweb.ups.edu.ec', port=80): Read timed out. (read timeout=60)",),)"

12/21/2018 02:02:23 PM - ERROR - EVALUACION_HERRAMIENTA
	HERRAMIENTA: "eiiichecker"
	PAGINA WEB: 231
	INFORMACION: "Exception('No se ha podido realizar la evaluación',)"

12/21/2018 02:05:13 PM - ERROR - EVALUACION_HERRAMIENTA
	HERRAMIENTA: "eiiichecker"
	PAGINA WEB: 232
	INFORMACION: "Exception('No se ha podido realizar la evaluación',)"

12/21/2018 02:08:48 PM - ERROR - EVALUACION_HERRAMIENTA
	HERRAMIENTA: "eiiichecker"
	PAGINA WEB: 233
	INFORMACION: "Exception('No se ha podido realizar la evaluación',)"

12/21/2018 02:11:45 PM - ERROR - EVALUACION_HERRAMIENTA
	HERRAMIENTA: "eiiichecker"
	PAGINA WEB: 234
	INFORMACION: "Exception('No se ha podido realizar la evaluación',)"

12/21/2018 02:14:38 PM - ERROR - EVALUACION_HERRAMIENTA
	HERRAMIENTA: "eiiichecker"
	PAGINA WEB: 235
	INFORMACION: "Exception('No se ha podido realizar la evaluación',)"

12/21/2018 02:17:33 PM - ERROR - EVALUACION_HERRAMIENTA
	HERRAMIENTA: "eiiichecker"
	PAGINA WEB: 236
	INFORMACION: "Exception('No se ha podido realizar la evaluación',)"

12/21/2018 02:20:41 PM - ERROR - EVALUACION_HERRAMIENTA
	HERRAMIENTA: "eiiichecker"
	PAGINA WEB: 237
	INFORMACION: "Exception('No se ha podido realizar la evaluación',)"

12/21/2018 02:21:41 PM - ERROR - EVALUACION_HERRAMIENTA
	HERRAMIENTA: "observatorio"
	PAGINA WEB: 237
	INFORMACION: "ReadTimeout(ReadTimeoutError("HTTPConnectionPool(host='observatorioweb.ups.edu.ec', port=80): Read timed out. (read timeout=60)",),)"

12/21/2018 02:24:25 PM - ERROR - EVALUACION_HERRAMIENTA
	HERRAMIENTA: "eiiichecker"
	PAGINA WEB: 238
	INFORMACION: "Exception('No se ha podido realizar la evaluación',)"

12/21/2018 02:25:25 PM - ERROR - EVALUACION_HERRAMIENTA
	HERRAMIENTA: "observatorio"
	PAGINA WEB: 238
	INFORMACION: "ReadTimeout(ReadTimeoutError("HTTPConnectionPool(host='observatorioweb.ups.edu.ec', port=80): Read timed out. (read timeout=60)",),)"

12/21/2018 02:28:21 PM - ERROR - EVALUACION_HERRAMIENTA
	HERRAMIENTA: "eiiichecker"
	PAGINA WEB: 239
	INFORMACION: "Exception('No se ha podido realizar la evaluación',)"

12/21/2018 02:31:15 PM - ERROR - EVALUACION_HERRAMIENTA
	HERRAMIENTA: "eiiichecker"
	PAGINA WEB: 240
	INFORMACION: "Exception('No se ha podido realizar la evaluación',)"

