HERRAMIENTA: "observatorio"
	FECHA: "2018-12-07 13:02:33.317498"
	PAGINA WEB: "51"
	ERROR: "ReadTimeout(ReadTimeoutError("HTTPConnectionPool(host='observatorioweb.ups.edu.ec', port=80): Read timed out. (read timeout=60)",),)"

HERRAMIENTA: "wave"
	FECHA: "2018-12-07 13:36:39.990862"
	PAGINA WEB: "146"
	ERROR: "ConnectTimeout(MaxRetryError("HTTPConnectionPool(host='wave.webaim.org', port=80): Max retries exceeded with url: /api/request?key=****&url=http://www.culturaydeporte.gob.es/cultura-mecd/areas-cultura/bibliotecas/portada.html&format=json&reporttype=2 (Caused by ConnectTimeoutError(<requests.packages.urllib3.connection.HTTPConnection object at 0x7f9585174ef0>, 'Connection to wave.webaim.org timed out. (connect timeout=15)'))",),)"

HERRAMIENTA: "eiiichecker"
	FECHA: "2018-12-07 14:06:50.752476"
	PAGINA WEB: "234"
	ERROR: "Exception('No se ha podido realizar la evaluación',)"

HERRAMIENTA: "eiiichecker"
	FECHA: "2018-12-07 14:11:42.559440"
	PAGINA WEB: "236"
	ERROR: "Exception('No se ha podido realizar la evaluación',)"

HERRAMIENTA: "eiiichecker"
	FECHA: "2018-12-07 14:20:48.550645"
	PAGINA WEB: "240"
	ERROR: "Exception('No se ha podido realizar la evaluación',)"

