12/26/2018 01:16:21 PM - ERROR - EVALUACION_HERRAMIENTA
	HERRAMIENTA: "eiiichecker"
	PAGINA WEB: 35
	INFORMACION: "Exception('No se ha podido realizar la evaluación',)"

12/26/2018 01:25:31 PM - ERROR - EVALUACION_HERRAMIENTA
	HERRAMIENTA: "eiiichecker"
	PAGINA WEB: 38
	INFORMACION: "Exception('No se ha podido realizar la evaluación',)"

12/26/2018 01:34:27 PM - ERROR - EVALUACION_HERRAMIENTA
	HERRAMIENTA: "observatorio"
	PAGINA WEB: 125
	INFORMACION: "KeyError('resultado',)"

12/26/2018 01:36:49 PM - ERROR - EVALUACION_HERRAMIENTA
	HERRAMIENTA: "wave"
	PAGINA WEB: 128
	INFORMACION: "ConnectTimeout(MaxRetryError("HTTPConnectionPool(host='wave.webaim.org', port=80): Max retries exceeded with url: /api/request?key=****&url=http://www.mscbs.gob.es/ssi/discapacidad/home.htm&format=json&reporttype=2 (Caused by ConnectTimeoutError(<requests.packages.urllib3.connection.HTTPConnection object at 0x7fe58c36df28>, 'Connection to wave.webaim.org timed out. (connect timeout=15)'))",),)"

12/26/2018 02:05:38 PM - ERROR - EVALUACION_HERRAMIENTA
	HERRAMIENTA: "eiiichecker"
	PAGINA WEB: 177
	INFORMACION: "Exception('No se ha podido realizar la evaluación',)"

12/26/2018 02:32:51 PM - ERROR - EVALUACION_HERRAMIENTA
	HERRAMIENTA: "vamola"
	PAGINA WEB: 241
	INFORMACION: "Exception('No se ha podido realizar la evaluación',)"

12/26/2018 02:35:35 PM - ERROR - EVALUACION_HERRAMIENTA
	HERRAMIENTA: "vamola"
	PAGINA WEB: 242
	INFORMACION: "Exception('No se ha podido realizar la evaluación',)"

12/26/2018 02:43:13 PM - ERROR - EVALUACION_HERRAMIENTA
	HERRAMIENTA: "vamola"
	PAGINA WEB: 244
	INFORMACION: "TimeoutException('timeout\n  (Session info: headless chrome=71.0.3578.98)\n  (Driver info: chromedriver=2.45.615279 (12b89733300bd268cff3b78fc76cb8f3a7cc44e5),platform=Linux 4.15.0-43-generic x86_64)', None, None)"

12/26/2018 02:47:57 PM - ERROR - EVALUACION_HERRAMIENTA
	HERRAMIENTA: "observatorio"
	PAGINA WEB: 247
	INFORMACION: "ReadTimeout(ReadTimeoutError("HTTPConnectionPool(host='observatorioweb.ups.edu.ec', port=80): Read timed out. (read timeout=60)",),)"

