12/12/2018 02:03:24 PM - ERROR - EVALUACION_HERRAMIENTA
	HERRAMIENTA: "eiiichecker"
	PAGINA WEB: 174
	INFORMACION: "Exception('No se ha podido realizar la evaluación',)"

12/12/2018 02:06:28 PM - ERROR - EVALUACION_HERRAMIENTA
	HERRAMIENTA: "eiiichecker"
	PAGINA WEB: 176
	INFORMACION: "Exception('No se ha podido realizar la evaluación',)"

12/12/2018 02:08:51 PM - ERROR - EVALUACION_HERRAMIENTA
	HERRAMIENTA: "eiiichecker"
	PAGINA WEB: 177
	INFORMACION: "Exception('No se ha podido realizar la evaluación',)"

12/12/2018 02:10:46 PM - ERROR - EVALUACION_HERRAMIENTA
	HERRAMIENTA: "eiiichecker"
	PAGINA WEB: 178
	INFORMACION: "Exception('No se ha podido realizar la evaluación',)"

12/12/2018 02:32:54 PM - ERROR - EVALUACION_HERRAMIENTA
	HERRAMIENTA: "vamola"
	PAGINA WEB: 241
	INFORMACION: "Exception('No se ha podido realizar la evaluación',)"

12/12/2018 02:35:38 PM - ERROR - EVALUACION_HERRAMIENTA
	HERRAMIENTA: "vamola"
	PAGINA WEB: 242
	INFORMACION: "Exception('No se ha podido realizar la evaluación',)"

