12/11/2018 02:01:42 PM - ERROR - EVALUACION_HERRAMIENTA
	HERRAMIENTA: "achecker"
	PAGINA WEB: "25"
	INFORMACION: "Exception('No se ha podido realizar la evaluación',)"

12/11/2018 02:08:52 PM - ERROR - EVALUACION_HERRAMIENTA
	HERRAMIENTA: "eiiichecker"
	PAGINA WEB: "170"
	INFORMACION: "Exception('No se ha podido realizar la evaluación',)"

12/11/2018 02:32:51 PM - ERROR - EVALUACION_HERRAMIENTA
	HERRAMIENTA: "vamola"
	PAGINA WEB: 111
	INFORMACION: "Exception('No se ha podido realizar la evaluación',)"

12/11/2018 02:34:40 PM - ERROR - EVALUACION_HERRAMIENTA
	HERRAMIENTA: "eiiichecker"
	PAGINA WEB: 112
	INFORMACION: "Exception('No se ha podido realizar la evaluación',)"

12/11/2018 02:38:02 PM - ERROR - EVALUACION_HERRAMIENTA
	HERRAMIENTA: "observatorio"
	PAGINA WEB: 114
	INFORMACION: "KeyError('resultado',)"

12/11/2018 02:40:15 PM - ERROR - EVALUACION_HERRAMIENTA
	HERRAMIENTA: "eiiichecker"
	PAGINA WEB: 115
	INFORMACION: "Exception('No se ha podido realizar la evaluación',)"

